#
# A fatal error has been detected by the Java Runtime Environment:
#
#  SIGSEGV (0xb) at pc=0x000000010cc46916, pid=8343, tid=20227
#
# JRE version: Java(TM) SE Runtime Environment (8.0_65-b17) (build 1.8.0_65-b17)
# Java VM: Java HotSpot(TM) 64-Bit Server VM (25.65-b01 mixed mode bsd-amd64 compressed oops)
# Problematic frame:
# V  [libjvm.dylib+0x446916]  Method::checked_resolve_jmethod_id(_jmethodID*)+0x1c
#
# Failed to write core dump. Core dumps have been disabled. To enable core dumping, try "ulimit -c unlimited" before starting Java again
#
# If you would like to submit a bug report, please visit:
#   http://bugreport.java.com/bugreport/crash.jsp
#

---------------  T H R E A D  ---------------

Current thread (0x00007fcfe1862000):  JavaThread "JDWP Transport Listener: dt_socket" daemon [_thread_in_vm, id=20227, stack(0x0000700006eb4000,0x0000700006fb4000)]

siginfo: si_signo: 11 (SIGSEGV), si_code: 0 (unknown), si_addr: 0x0000000000000000

Registers:
RAX=0x0000000000000001, RBX=0x000a00c6005400ea, RCX=0x000000010d015310, RDX=0x0000700006fb3a8b
RSP=0x0000700006fb39d0, RBP=0x0000700006fb39e0, RSI=0x00007fcfe1862000, RDI=0x00000001164484de
R8 =0x0000000000000002, R9 =0x0000000000000000, R10=0x0000000000000001, R11=0x0000000000000003
R12=0x00007fcfe1862000, R13=0x00000001164484de, R14=0x00000001164484de, R15=0x00007fcfdf40efa0
RIP=0x000000010cc46916, EFLAGS=0x0000000000010202, ERR=0x0000000000000000
  TRAPNO=0x000000000000000d

Top of Stack: (sp=0x0000700006fb39d0)
0x0000700006fb39d0:   0000700006fb3a8b 0000700006fb3a8b
0x0000700006fb39e0:   0000700006fb3a40 000000010cb55a02
0x0000700006fb39f0:   00007fcfe1862000 0000000000000000
0x0000700006fb3a00:   0000000000000000 0000000000000000
0x0000700006fb3a10:   00007fcfe1862000 00007fcfe1862000
0x0000700006fb3a20:   0000700006fb3a8b 0000700006fb3a90
0x0000700006fb3a30:   00000001164484de 0000000000000008
0x0000700006fb3a40:   0000700006fb3a60 000000010afc2780
0x0000700006fb3a50:   0000000000000001 0000700006fb3b08
0x0000700006fb3a60:   0000700006fb3ad0 000000010afa71f3
0x0000700006fb3a70:   0000700006fb3aa0 00007fcfe11b6010
0x0000700006fb3a80:   0000000a00000032 0000000200fb3b08
0x0000700006fb3a90:   0000000000000000 0000000000000000
0x0000700006fb3aa0:   0000000000000000 0000700006fb3c90
0x0000700006fb3ab0:   000000010afc9e7a 00007fcfdf5c5db0
0x0000700006fb3ac0:   0000700006fb3b08 000000010afd5598
0x0000700006fb3ad0:   0000700006fb3ae0 000000010afa72ec
0x0000700006fb3ae0:   0000700006fb3d00 000000010afb0898
0x0000700006fb3af0:   0000673100000013 00000000000f0200
0x0000700006fb3b00:   00007fcfdf5c5e90 00007fcfe11e754e
0x0000700006fb3b10:   00007fcf000000ca 00007fcfe11b5f70
0x0000700006fb3b20:   00007fcf0000012c 0000700006fb3b58
0x0000700006fb3b30:   00007fcfe11b5f70 0000000000000000
0x0000700006fb3b40:   000067310000001c 00007fcf0000ec80
0x0000700006fb3b50:   0000700006fb3b58 cf7f00000a000000
0x0000700006fb3b60:   08000000202543df 3e74696e696c633c
0x0000700006fb3b70:   0056292803000000 0008000000000000
0x0000700006fb3b80:   00102543dfcf7f00 74696e693c060000
0x0000700006fb3b90:   6a4c28150000003e 676e616c2f617661
0x0000700006fb3ba0:   3b676e697274532f 0000000000005629
0x0000700006fb3bb0:   43dfcf7f00000100 693c060000000825
0x0000700006fb3bc0:   160000003e74696e 6c2f6176616a4c28 

Instructions: (pc=0x000000010cc46916)
0x000000010cc468f6:   31 c0 5d c3 55 48 89 e5 53 48 83 ec 08 48 85 ff
0x000000010cc46906:   74 24 48 8b 1f 48 85 db 74 1c 48 83 fb 37 74 16
0x000000010cc46916:   48 8b 03 48 89 df ff 50 10 84 c0 b8 00 00 00 00
0x000000010cc46926:   48 0f 45 c3 eb 02 31 c0 48 83 c4 08 5b 5d c3 90 

Register to memory mapping:

RAX=0x0000000000000001 is an unknown value
RBX=0x000a00c6005400ea is an unknown value
RCX=0x000000010d015310: UseMembar+0 in /Library/Java/JavaVirtualMachines/jdk1.8.0_65.jdk/Contents/Home/jre/lib/server/libjvm.dylib at 0x000000010c800000
RDX=0x0000700006fb3a8b is pointing into the stack for thread: 0x00007fcfe1862000
RSP=0x0000700006fb39d0 is pointing into the stack for thread: 0x00007fcfe1862000
RBP=0x0000700006fb39e0 is pointing into the stack for thread: 0x00007fcfe1862000
RSI=0x00007fcfe1862000 is a thread
RDI=0x00000001164484de is pointing into metadata
R8 =0x0000000000000002 is an unknown value
R9 =0x0000000000000000 is an unknown value
R10=0x0000000000000001 is an unknown value
R11=0x0000000000000003 is an unknown value
R12=0x00007fcfe1862000 is a thread
R13=0x00000001164484de is pointing into metadata
R14=0x00000001164484de is pointing into metadata
R15=0x00007fcfdf40efa0 is an unknown value


Stack: [0x0000700006eb4000,0x0000700006fb4000],  sp=0x0000700006fb39d0,  free space=1022k
Native frames: (J=compiled Java code, j=interpreted, Vv=VM code, C=native code)
V  [libjvm.dylib+0x446916]  Method::checked_resolve_jmethod_id(_jmethodID*)+0x1c
V  [libjvm.dylib+0x355a02]  jvmti_IsMethodSynthetic+0xb2
C  [libjdwp.dylib+0x20780]  isMethodSynthetic+0x63
C  [libjdwp.dylib+0x51f3]  methods1+0x10b
C  [libjdwp.dylib+0x52ec]  methodsWithGeneric+0xe
C  [libjdwp.dylib+0xe898]  debugLoop_run+0x1ce
C  [libjdwp.dylib+0x1f6ba]  attachThread+0x4d
V  [libjvm.dylib+0x396d60]  JvmtiAgentThread::call_start_function()+0x38
V  [libjvm.dylib+0x5612d3]  JavaThread::thread_main_inner()+0x9b
V  [libjvm.dylib+0x5629ce]  JavaThread::run()+0x1c2
V  [libjvm.dylib+0x48342e]  java_start(Thread*)+0xf6
C  [libsystem_pthread.dylib+0x393b]  _pthread_body+0xb4
C  [libsystem_pthread.dylib+0x3887]  _pthread_body+0x0
C  [libsystem_pthread.dylib+0x308d]  thread_start+0xd
C  0x0000000000000000


---------------  P R O C E S S  ---------------

Java Threads: ( => current thread )
  0x00007fcfee703800 JavaThread "qtp1156995503-41" [_thread_blocked, id=29963, stack(0x00007000082f0000,0x00007000083f0000)]
  0x00007fcfd3192800 JavaThread "Scheduler-1381882197" [_thread_blocked, id=29443, stack(0x00007000081ed000,0x00007000082ed000)]
  0x00007fcfd1406800 JavaThread "qtp1156995503-35" [_thread_in_native, id=28939, stack(0x00007000080ea000,0x00007000081ea000)]
  0x00007fcfd341d000 JavaThread "qtp1156995503-34" [_thread_blocked, id=27407, stack(0x0000700007de1000,0x0000700007ee1000)]
  0x00007fcfd2170000 JavaThread "DestroyJavaVM" [_thread_blocked, id=6915, stack(0x0000700005f04000,0x0000700006004000)]
  0x00007fcfd308f800 JavaThread "Thread-11" daemon [_thread_blocked, id=28419, stack(0x0000700007fe7000,0x00007000080e7000)]
  0x00007fcfe3005000 JavaThread "qtp1156995503-25-acceptor-0@6ad81d20-ServerConnector@2dbf9136{HTTP/1.1,[http/1.1]}{0.0.0.0:4567}" [_thread_in_native, id=27907, stack(0x0000700007ee4000,0x0000700007fe4000)]
  0x00007fcfe4852800 JavaThread "qtp1156995503-23" [_thread_in_native, id=26883, stack(0x0000700007cde000,0x0000700007dde000)]
  0x00007fcfe5011000 JavaThread "qtp1156995503-22" [_thread_in_native, id=26371, stack(0x0000700007bdb000,0x0000700007cdb000)]
  0x00007fcfd246e800 JavaThread "org.eclipse.jetty.server.session.HashSessionManager@4f777c25Timer" daemon [_thread_blocked, id=25859, stack(0x0000700007ad8000,0x0000700007bd8000)]
  0x00007fcfee6fb800 JavaThread "qtp1156995503-20" [_thread_in_native, id=25347, stack(0x00007000079d5000,0x0000700007ad5000)]
  0x00007fcfee702000 JavaThread "Thread-2" [_thread_blocked, id=4615, stack(0x0000700005dfe000,0x0000700005efe000)]
  0x00007fcfe21e7000 JavaThread "MVStore background writer nio:/Users/mac002/Git/ocmc-translation-projects/ioc-liturgical-ws/ioc-liturgical-db.mv.db" daemon [_thread_blocked, id=24839, stack(0x00007000077cf000,0x00007000078cf000)]
  0x00007fcfe0000800 JavaThread "Service Thread" daemon [_thread_blocked, id=23811, stack(0x00007000075c9000,0x00007000076c9000)]
  0x00007fcfe082c800 JavaThread "C1 CompilerThread3" daemon [_thread_blocked, id=23299, stack(0x00007000074c6000,0x00007000075c6000)]
  0x00007fcfe082c000 JavaThread "C2 CompilerThread2" daemon [_thread_blocked, id=22787, stack(0x00007000073c3000,0x00007000074c3000)]
  0x00007fcfe0811000 JavaThread "C2 CompilerThread1" daemon [_thread_blocked, id=22275, stack(0x00007000072c0000,0x00007000073c0000)]
  0x00007fcfe0008000 JavaThread "C2 CompilerThread0" daemon [_thread_blocked, id=21763, stack(0x00007000071bd000,0x00007000072bd000)]
  0x00007fcfe2807800 JavaThread "JDWP Command Reader" daemon [_thread_in_native, id=21251, stack(0x00007000070ba000,0x00007000071ba000)]
  0x00007fcfe1861000 JavaThread "JDWP Event Helper Thread" daemon [_thread_blocked, id=20739, stack(0x0000700006fb7000,0x00007000070b7000)]
=>0x00007fcfe1862000 JavaThread "JDWP Transport Listener: dt_socket" daemon [_thread_in_vm, id=20227, stack(0x0000700006eb4000,0x0000700006fb4000)]
  0x00007fcfdf817000 JavaThread "Signal Dispatcher" daemon [_thread_blocked, id=19715, stack(0x0000700006db1000,0x0000700006eb1000)]
  0x00007fcfe185e000 JavaThread "Finalizer" daemon [_thread_blocked, id=15363, stack(0x0000700006c2b000,0x0000700006d2b000)]
  0x00007fcfe185d800 JavaThread "Reference Handler" daemon [_thread_blocked, id=14851, stack(0x0000700006b28000,0x0000700006c28000)]

Other Threads:
  0x00007fcfe185b000 VMThread [stack: 0x0000700006a25000,0x0000700006b25000] [id=14339]
  0x00007fcfe2808800 WatcherThread [stack: 0x00007000076cc000,0x00007000077cc000] [id=24323]

VM state:not at safepoint (normal execution)

VM Mutex/Monitor currently owned by a thread: None

Heap:
 PSYoungGen      total 2422272K, used 1603446K [0x0000000715580000, 0x00000007bf000000, 0x00000007c0000000)
  eden space 2082816K, 74% used [0x0000000715580000,0x00000007743c5900,0x0000000794780000)
  from space 339456K, 14% used [0x0000000794780000,0x0000000797718000,0x00000007a9300000)
  to   space 325120K, 0% used [0x00000007ab280000,0x00000007ab280000,0x00000007bf000000)
 ParOldGen       total 1142272K, used 468083K [0x00000005c0000000, 0x0000000605b80000, 0x0000000715580000)
  object space 1142272K, 40% used [0x00000005c0000000,0x00000005dc91cec0,0x0000000605b80000)
 Metaspace       used 27021K, capacity 27826K, committed 28080K, reserved 1075200K
  class space    used 3009K, capacity 3179K, committed 3248K, reserved 1048576K

Card table byte_map: [0x000000010db52000,0x000000010eb53000] byte_map_base: 0x000000010ad52000

Marking Bits: (ParMarkBitMap*) 0x000000010d0dee20
 Begin Bits: [0x000000012807b000, 0x000000013007b000)
 End Bits:   [0x000000013007b000, 0x000000013807b000)

Polling page: 0x000000010afa1000

CodeCache: size=245760Kb used=12095Kb max_used=14119Kb free=233665Kb
 bounds [0x000000011907b000, 0x0000000119eab000, 0x000000012807b000]
 total_blobs=3665 nmethods=3194 adapters=393
 compilation: enabled

Compilation events (10 events):
Event: 221.909 Thread 0x00007fcfe082c800 4142       3       java.io.Writer::write (11 bytes)
Event: 221.909 Thread 0x00007fcfe082c800 nmethod 4142 0x0000000119339c10 code [0x0000000119339d80, 0x000000011933a0a8]
Event: 222.339 Thread 0x00007fcfe082c800 4146       3       org.h2.mvstore.MVStore::hasUnsavedChanges (79 bytes)
Event: 222.340 Thread 0x00007fcfe082c800 nmethod 4146 0x0000000119a8bb50 code [0x0000000119a8bdc0, 0x0000000119a8ccf8]
Event: 231.142 Thread 0x00007fcfe082c000 4147       4       org.h2.mvstore.MVStore::getTime (9 bytes)
Event: 231.143 Thread 0x00007fcfe082c000 nmethod 4147 0x0000000119242510 code [0x0000000119242660, 0x00000001192426d8]
Event: 283.897 Thread 0x00007fcfe082c800 4148       3       java.util.LinkedList$ListItr::hasNext (20 bytes)
Event: 283.897 Thread 0x00007fcfe082c800 nmethod 4148 0x00000001195fe210 code [0x00000001195fe380, 0x00000001195fe550]
Event: 298.918 Thread 0x00007fcfe0811000 4149   !   4       org.h2.mvstore.MVStore::writeInBackground (177 bytes)
Event: 298.935 Thread 0x00007fcfe0811000 nmethod 4149 0x0000000119cc0c90 code [0x0000000119cc0ec0, 0x0000000119cc2488]

GC Heap History (10 events):
Event: 44.193 GC heap before
{Heap before GC invocations=21 (full 4):
 PSYoungGen      total 2383360K, used 2053632K [0x0000000715580000, 0x00000007c0000000, 0x00000007c0000000)
  eden space 2053632K, 100% used [0x0000000715580000,0x0000000792b00000,0x0000000792b00000)
  from space 329728K, 0% used [0x00000007abe00000,0x00000007abe00000,0x00000007c0000000)
  to   space 371200K, 0% used [0x0000000792b00000,0x0000000792b00000,0x00000007a9580000)
 ParOldGen       total 1142272K, used 468083K [0x00000005c0000000, 0x0000000605b80000, 0x0000000715580000)
  object space 1142272K, 40% used [0x00000005c0000000,0x00000005dc91cec0,0x0000000605b80000)
 Metaspace       used 21577K, capacity 22072K, committed 22192K, reserved 1069056K
  class space    used 2290K, capacity 2402K, committed 2480K, reserved 1048576K
Event: 44.206 GC heap after
Heap after GC invocations=21 (full 4):
 PSYoungGen      total 2424832K, used 13504K [0x0000000715580000, 0x00000007c0000000, 0x00000007c0000000)
  eden space 2053632K, 0% used [0x0000000715580000,0x0000000715580000,0x0000000792b00000)
  from space 371200K, 3% used [0x0000000792b00000,0x0000000793830000,0x00000007a9580000)
  to   space 370176K, 0% used [0x00000007a9680000,0x00000007a9680000,0x00000007c0000000)
 ParOldGen       total 1142272K, used 468083K [0x00000005c0000000, 0x0000000605b80000, 0x0000000715580000)
  object space 1142272K, 40% used [0x00000005c0000000,0x00000005dc91cec0,0x0000000605b80000)
 Metaspace       used 21577K, capacity 22072K, committed 22192K, reserved 1069056K
  class space    used 2290K, capacity 2402K, committed 2480K, reserved 1048576K
}
Event: 45.010 GC heap before
{Heap before GC invocations=22 (full 4):
 PSYoungGen      total 2424832K, used 2067136K [0x0000000715580000, 0x00000007c0000000, 0x00000007c0000000)
  eden space 2053632K, 100% used [0x0000000715580000,0x0000000792b00000,0x0000000792b00000)
  from space 371200K, 3% used [0x0000000792b00000,0x0000000793830000,0x00000007a9580000)
  to   space 370176K, 0% used [0x00000007a9680000,0x00000007a9680000,0x00000007c0000000)
 ParOldGen       total 1142272K, used 468083K [0x00000005c0000000, 0x0000000605b80000, 0x0000000715580000)
  object space 1142272K, 40% used [0x00000005c0000000,0x00000005dc91cec0,0x0000000605b80000)
 Metaspace       used 21577K, capacity 22072K, committed 22192K, reserved 1069056K
  class space    used 2290K, capacity 2402K, committed 2480K, reserved 1048576K
Event: 45.038 GC heap after
Heap after GC invocations=22 (full 4):
 PSYoungGen      total 2406400K, used 37696K [0x0000000715580000, 0x00000007bee00000, 0x00000007c0000000)
  eden space 2054656K, 0% used [0x0000000715580000,0x0000000715580000,0x0000000792c00000)
  from space 351744K, 10% used [0x00000007a9680000,0x00000007abb50000,0x00000007bee00000)
  to   space 361472K, 0% used [0x0000000792c00000,0x0000000792c00000,0x00000007a8d00000)
 ParOldGen       total 1142272K, used 468083K [0x00000005c0000000, 0x0000000605b80000, 0x0000000715580000)
  object space 1142272K, 40% used [0x00000005c0000000,0x00000005dc91cec0,0x0000000605b80000)
 Metaspace       used 21577K, capacity 22072K, committed 22192K, reserved 1069056K
  class space    used 2290K, capacity 2402K, committed 2480K, reserved 1048576K
}
Event: 45.850 GC heap before
{Heap before GC invocations=23 (full 4):
 PSYoungGen      total 2406400K, used 2092352K [0x0000000715580000, 0x00000007bee00000, 0x00000007c0000000)
  eden space 2054656K, 100% used [0x0000000715580000,0x0000000792c00000,0x0000000792c00000)
  from space 351744K, 10% used [0x00000007a9680000,0x00000007abb50000,0x00000007bee00000)
  to   space 361472K, 0% used [0x0000000792c00000,0x0000000792c00000,0x00000007a8d00000)
 ParOldGen       total 1142272K, used 468083K [0x00000005c0000000, 0x0000000605b80000, 0x0000000715580000)
  object space 1142272K, 40% used [0x00000005c0000000,0x00000005dc91cec0,0x0000000605b80000)
 Metaspace       used 21577K, capacity 22072K, committed 22192K, reserved 1069056K
  class space    used 2290K, capacity 2402K, committed 2480K, reserved 1048576K
Event: 45.878 GC heap after
Heap after GC invocations=23 (full 4):
 PSYoungGen      total 2416128K, used 36640K [0x0000000715580000, 0x00000007bf680000, 0x00000007c0000000)
  eden space 2054656K, 0% used [0x0000000715580000,0x0000000715580000,0x0000000792c00000)
  from space 361472K, 10% used [0x0000000792c00000,0x0000000794fc8000,0x00000007a8d00000)
  to   space 351744K, 0% used [0x00000007a9f00000,0x00000007a9f00000,0x00000007bf680000)
 ParOldGen       total 1142272K, used 468083K [0x00000005c0000000, 0x0000000605b80000, 0x0000000715580000)
  object space 1142272K, 40% used [0x00000005c0000000,0x00000005dc91cec0,0x0000000605b80000)
 Metaspace       used 21577K, capacity 22072K, committed 22192K, reserved 1069056K
  class space    used 2290K, capacity 2402K, committed 2480K, reserved 1048576K
}
Event: 46.690 GC heap before
{Heap before GC invocations=24 (full 4):
 PSYoungGen      total 2416128K, used 2091296K [0x0000000715580000, 0x00000007bf680000, 0x00000007c0000000)
  eden space 2054656K, 100% used [0x0000000715580000,0x0000000792c00000,0x0000000792c00000)
  from space 361472K, 10% used [0x0000000792c00000,0x0000000794fc8000,0x00000007a8d00000)
  to   space 351744K, 0% used [0x00000007a9f00000,0x00000007a9f00000,0x00000007bf680000)
 ParOldGen       total 1142272K, used 468083K [0x00000005c0000000, 0x0000000605b80000, 0x0000000715580000)
  object space 1142272K, 40% used [0x00000005c0000000,0x00000005dc91cec0,0x0000000605b80000)
 Metaspace       used 21577K, capacity 22072K, committed 22192K, reserved 1069056K
  class space    used 2290K, capacity 2402K, committed 2480K, reserved 1048576K
Event: 46.725 GC heap after
Heap after GC invocations=24 (full 4):
 PSYoungGen      total 2409984K, used 43104K [0x0000000715580000, 0x00000007bde80000, 0x00000007c0000000)
  eden space 2082816K, 0% used [0x0000000715580000,0x0000000715580000,0x0000000794780000)
  from space 327168K, 13% used [0x00000007a9f00000,0x00000007ac918000,0x00000007bde80000)
  to   space 339456K, 0% used [0x0000000794780000,0x0000000794780000,0x00000007a9300000)
 ParOldGen       total 1142272K, used 468083K [0x00000005c0000000, 0x0000000605b80000, 0x0000000715580000)
  object space 1142272K, 40% used [0x00000005c0000000,0x00000005dc91cec0,0x0000000605b80000)
 Metaspace       used 21577K, capacity 22072K, committed 22192K, reserved 1069056K
  class space    used 2290K, capacity 2402K, committed 2480K, reserved 1048576K
}
Event: 47.541 GC heap before
{Heap before GC invocations=25 (full 4):
 PSYoungGen      total 2409984K, used 2125920K [0x0000000715580000, 0x00000007bde80000, 0x00000007c0000000)
  eden space 2082816K, 100% used [0x0000000715580000,0x0000000794780000,0x0000000794780000)
  from space 327168K, 13% used [0x00000007a9f00000,0x00000007ac918000,0x00000007bde80000)
  to   space 339456K, 0% used [0x0000000794780000,0x0000000794780000,0x00000007a9300000)
 ParOldGen       total 1142272K, used 468083K [0x00000005c0000000, 0x0000000605b80000, 0x0000000715580000)
  object space 1142272K, 40% used [0x00000005c0000000,0x00000005dc91cec0,0x0000000605b80000)
 Metaspace       used 21577K, capacity 22072K, committed 22192K, reserved 1069056K
  class space    used 2290K, capacity 2402K, committed 2480K, reserved 1048576K
Event: 47.581 GC heap after
Heap after GC invocations=25 (full 4):
 PSYoungGen      total 2422272K, used 48736K [0x0000000715580000, 0x00000007bf000000, 0x00000007c0000000)
  eden space 2082816K, 0% used [0x0000000715580000,0x0000000715580000,0x0000000794780000)
  from space 339456K, 14% used [0x0000000794780000,0x0000000797718000,0x00000007a9300000)
  to   space 325120K, 0% used [0x00000007ab280000,0x00000007ab280000,0x00000007bf000000)
 ParOldGen       total 1142272K, used 468083K [0x00000005c0000000, 0x0000000605b80000, 0x0000000715580000)
  object space 1142272K, 40% used [0x00000005c0000000,0x00000005dc91cec0,0x0000000605b80000)
 Metaspace       used 21577K, capacity 22072K, committed 22192K, reserved 1069056K
  class space    used 2290K, capacity 2402K, committed 2480K, reserved 1048576K
}

Deoptimization events (10 events):
Event: 69.876 Thread 0x00007fcfdf80e800 Uncommon trap: reason=bimorphic action=maybe_recompile pc=0x00000001192c00c4 method=java.util.regex.Pattern$Branch.match(Ljava/util/regex/Matcher;ILjava/lang/CharSequence;)Z @ 32
Event: 69.876 Thread 0x00007fcfdf80e800 Uncommon trap: reason=bimorphic action=maybe_recompile pc=0x00000001192c00c4 method=java.util.regex.Pattern$Branch.match(Ljava/util/regex/Matcher;ILjava/lang/CharSequence;)Z @ 32
Event: 69.983 Thread 0x00007fcfdf80e800 Uncommon trap: reason=unstable_if action=reinterpret pc=0x0000000119a4ee20 method=java.util.regex.Pattern.newSlice([IIZ)Ljava/util/regex/Pattern$Node; @ 10
Event: 69.984 Thread 0x00007fcfdf80e800 Uncommon trap: reason=bimorphic action=maybe_recompile pc=0x000000011932a990 method=java.util.regex.Pattern$Start.match(Ljava/util/regex/Matcher;ILjava/lang/CharSequence;)Z @ 44
Event: 216.478 Thread 0x00007fcfe486a000 Uncommon trap: reason=bimorphic action=maybe_recompile pc=0x00000001198cdc30 method=java.util.HashMap.putMapEntries(Ljava/util/Map;Z)V @ 87
Event: 216.504 Thread 0x00007fcfd341d000 Uncommon trap: reason=unstable_if action=reinterpret pc=0x000000011919f59c method=java.lang.String.split(Ljava/lang/String;I)[Ljava/lang/String; @ 281
Event: 216.506 Thread 0x00007fcfd341d000 Uncommon trap: reason=unstable_if action=reinterpret pc=0x000000011999036c method=java.lang.ClassLoader.checkName(Ljava/lang/String;)Z @ 20
Event: 216.507 Thread 0x00007fcfd341d000 Uncommon trap: reason=bimorphic action=maybe_recompile pc=0x00000001198cdc30 method=java.util.HashMap.putMapEntries(Ljava/util/Map;Z)V @ 87
Event: 216.536 Thread 0x00007fcfd341d000 Uncommon trap: reason=unstable_if action=reinterpret pc=0x0000000119975b9c method=com.google.gson.internal.Excluder.excludeField(Ljava/lang/reflect/Field;Z)Z @ 65
Event: 216.583 Thread 0x00007fcfe21e7000 Uncommon trap: reason=unstable_if action=reinterpret pc=0x0000000119bdb2dc method=org.h2.mvstore.MVStore.hasUnsavedChanges()Z @ 69

Internal exceptions (10 events):
Event: 4.428 Thread 0x00007fcfdf80e800 Exception <a 'java/lang/ArrayIndexOutOfBoundsException': 83> (0x0000000715da0718) thrown at [/Users/java_re/workspace/8-2-build-macosx-x86_64/jdk8u65/4987/hotspot/src/share/vm/interpreter/interpreterRuntime.cpp, line 366]
Event: 13.796 Thread 0x00007fcfdf80e800 Exception <a 'java/lang/ArrayIndexOutOfBoundsException': 105> (0x0000000715e640d0) thrown at [/Users/java_re/workspace/8-2-build-macosx-x86_64/jdk8u65/4987/hotspot/src/share/vm/interpreter/interpreterRuntime.cpp, line 366]
Event: 14.793 Thread 0x00007fcfdf80e800 Implicit null exception at 0x0000000119d27d90 to 0x0000000119d27dfd
Event: 15.338 Thread 0x00007fcfdf80e800 Exception <a 'java/lang/ArrayIndexOutOfBoundsException': 91> (0x000000071af5e9c8) thrown at [/Users/java_re/workspace/8-2-build-macosx-x86_64/jdk8u65/4987/hotspot/src/share/vm/interpreter/interpreterRuntime.cpp, line 366]
Event: 15.339 Thread 0x00007fcfdf80e800 Exception <a 'java/lang/ArrayIndexOutOfBoundsException': 94> (0x000000071af5fc58) thrown at [/Users/java_re/workspace/8-2-build-macosx-x86_64/jdk8u65/4987/hotspot/src/share/vm/interpreter/interpreterRuntime.cpp, line 366]
Event: 33.306 Thread 0x00007fcfdf80e800 Implicit null exception at 0x0000000119448ecd to 0x0000000119448fcd
Event: 48.279 Thread 0x00007fcfdf80e800 Exception <a 'java/lang/ArrayIndexOutOfBoundsException': 90> (0x0000000757734198) thrown at [/Users/java_re/workspace/8-2-build-macosx-x86_64/jdk8u65/4987/hotspot/src/share/vm/interpreter/interpreterRuntime.cpp, line 366]
Event: 48.279 Thread 0x00007fcfdf80e800 Exception <a 'java/lang/ArrayIndexOutOfBoundsException': 40> (0x0000000757734fc8) thrown at [/Users/java_re/workspace/8-2-build-macosx-x86_64/jdk8u65/4987/hotspot/src/share/vm/interpreter/interpreterRuntime.cpp, line 366]
Event: 48.294 Thread 0x00007fcfdf80e800 Exception <a 'java/lang/ArrayIndexOutOfBoundsException': 97> (0x0000000757ac8bd8) thrown at [/Users/java_re/workspace/8-2-build-macosx-x86_64/jdk8u65/4987/hotspot/src/share/vm/interpreter/interpreterRuntime.cpp, line 366]
Event: 48.295 Thread 0x00007fcfdf80e800 Exception <a 'java/lang/ArrayIndexOutOfBoundsException': 97> (0x0000000757acbae8) thrown at [/Users/java_re/workspace/8-2-build-macosx-x86_64/jdk8u65/4987/hotspot/src/share/vm/interpreter/interpreterRuntime.cpp, line 366]

Events (10 events):
Event: 368.350 Executing VM operation: GetCurrentLocation
Event: 368.350 Executing VM operation: GetCurrentLocation done
Event: 368.350 Executing VM operation: EnterInterpOnlyMode
Event: 368.350 Executing VM operation: EnterInterpOnlyMode done
Event: 368.350 Executing VM operation: ChangeSingleStep
Event: 368.350 Executing VM operation: ChangeSingleStep done
Event: 368.350 Executing VM operation: ChangeSingleStep
Event: 368.350 Executing VM operation: ChangeSingleStep done
Event: 368.355 Executing VM operation: RedefineClasses
Event: 368.381 Executing VM operation: RedefineClasses done


Dynamic libraries:
0x000000000e149000 	/System/Library/Frameworks/Cocoa.framework/Versions/A/Cocoa
0x000000000e149000 	/System/Library/Frameworks/Security.framework/Versions/A/Security
0x000000000e149000 	/System/Library/Frameworks/ApplicationServices.framework/Versions/A/ApplicationServices
0x000000000e149000 	/usr/lib/libz.1.dylib
0x000000000e149000 	/usr/lib/libSystem.B.dylib
0x000000000e149000 	/usr/lib/libobjc.A.dylib
0x000000000e149000 	/System/Library/Frameworks/CoreFoundation.framework/Versions/A/CoreFoundation
0x000000000e149000 	/System/Library/Frameworks/Foundation.framework/Versions/C/Foundation
0x000000000e149000 	/System/Library/Frameworks/AppKit.framework/Versions/C/AppKit
0x000000000e149000 	/System/Library/Frameworks/CoreData.framework/Versions/A/CoreData
0x000000000e149000 	/System/Library/PrivateFrameworks/RemoteViewServices.framework/Versions/A/RemoteViewServices
0x000000000e149000 	/System/Library/PrivateFrameworks/UIFoundation.framework/Versions/A/UIFoundation
0x000000000e149000 	/System/Library/PrivateFrameworks/DFRFoundation.framework/Versions/A/DFRFoundation
0x000000000e149000 	/usr/lib/libenergytrace.dylib
0x000000000e149000 	/System/Library/PrivateFrameworks/SkyLight.framework/Versions/A/SkyLight
0x000000000e149000 	/System/Library/Frameworks/CoreGraphics.framework/Versions/A/CoreGraphics
0x000000000e149000 	/usr/lib/libScreenReader.dylib
0x000000000e149000 	/System/Library/Frameworks/Accelerate.framework/Versions/A/Accelerate
0x000000000e149000 	/System/Library/Frameworks/IOSurface.framework/Versions/A/IOSurface
0x000000000e149000 	/System/Library/Frameworks/AudioToolbox.framework/Versions/A/AudioToolbox
0x000000000e149000 	/System/Library/Frameworks/AudioUnit.framework/Versions/A/AudioUnit
0x000000000e149000 	/System/Library/PrivateFrameworks/DataDetectorsCore.framework/Versions/A/DataDetectorsCore
0x000000000e149000 	/System/Library/PrivateFrameworks/DesktopServicesPriv.framework/Versions/A/DesktopServicesPriv
0x000000000e149000 	/System/Library/Frameworks/Carbon.framework/Versions/A/Frameworks/HIToolbox.framework/Versions/A/HIToolbox
0x000000000e149000 	/usr/lib/libicucore.A.dylib
0x000000000e149000 	/System/Library/Frameworks/QuartzCore.framework/Versions/A/QuartzCore
0x000000000e149000 	/System/Library/Frameworks/Carbon.framework/Versions/A/Frameworks/SpeechRecognition.framework/Versions/A/SpeechRecognition
0x000000000e149000 	/usr/lib/libauto.dylib
0x000000000e149000 	/usr/lib/libxml2.2.dylib
0x000000000e149000 	/System/Library/PrivateFrameworks/CoreUI.framework/Versions/A/CoreUI
0x000000000e149000 	/System/Library/Frameworks/CoreAudio.framework/Versions/A/CoreAudio
0x000000000e149000 	/System/Library/Frameworks/DiskArbitration.framework/Versions/A/DiskArbitration
0x000000000e149000 	/usr/lib/liblangid.dylib
0x000000000e149000 	/System/Library/PrivateFrameworks/MultitouchSupport.framework/Versions/A/MultitouchSupport
0x000000000e149000 	/System/Library/Frameworks/IOKit.framework/Versions/A/IOKit
0x000000000e149000 	/usr/lib/libDiagnosticMessagesClient.dylib
0x000000000e149000 	/System/Library/Frameworks/CoreServices.framework/Versions/A/CoreServices
0x000000000e149000 	/System/Library/PrivateFrameworks/PerformanceAnalysis.framework/Versions/A/PerformanceAnalysis
0x000000000e149000 	/System/Library/PrivateFrameworks/GenerationalStorage.framework/Versions/A/GenerationalStorage
0x000000000e149000 	/System/Library/Frameworks/OpenGL.framework/Versions/A/OpenGL
0x000000000e149000 	/System/Library/Frameworks/CoreImage.framework/Versions/A/CoreImage
0x000000000e149000 	/System/Library/Frameworks/CoreText.framework/Versions/A/CoreText
0x000000000e149000 	/System/Library/Frameworks/ImageIO.framework/Versions/A/ImageIO
0x000000000e149000 	/System/Library/PrivateFrameworks/Backup.framework/Versions/A/Backup
0x000000000e149000 	/usr/lib/libarchive.2.dylib
0x000000000e149000 	/System/Library/Frameworks/CFNetwork.framework/Versions/A/CFNetwork
0x000000000e149000 	/System/Library/Frameworks/SystemConfiguration.framework/Versions/A/SystemConfiguration
0x000000000e149000 	/usr/lib/libCRFSuite.dylib
0x000000000e149000 	/usr/lib/libc++.1.dylib
0x000000000e149000 	/usr/lib/libc++abi.dylib
0x000000000e149000 	/usr/lib/system/libcache.dylib
0x000000000e149000 	/usr/lib/system/libcommonCrypto.dylib
0x000000000e149000 	/usr/lib/system/libcompiler_rt.dylib
0x000000000e149000 	/usr/lib/system/libcopyfile.dylib
0x000000000e149000 	/usr/lib/system/libcorecrypto.dylib
0x000000000e149000 	/usr/lib/system/libdispatch.dylib
0x000000000e149000 	/usr/lib/system/libdyld.dylib
0x000000000e149000 	/usr/lib/system/libkeymgr.dylib
0x000000000e149000 	/usr/lib/system/liblaunch.dylib
0x000000000e149000 	/usr/lib/system/libmacho.dylib
0x000000000e149000 	/usr/lib/system/libquarantine.dylib
0x000000000e149000 	/usr/lib/system/libremovefile.dylib
0x000000000e149000 	/usr/lib/system/libsystem_asl.dylib
0x000000000e149000 	/usr/lib/system/libsystem_blocks.dylib
0x000000000e149000 	/usr/lib/system/libsystem_c.dylib
0x000000000e149000 	/usr/lib/system/libsystem_configuration.dylib
0x000000000e149000 	/usr/lib/system/libsystem_coreservices.dylib
0x000000000e149000 	/usr/lib/system/libsystem_coretls.dylib
0x000000000e149000 	/usr/lib/system/libsystem_dnssd.dylib
0x000000000e149000 	/usr/lib/system/libsystem_info.dylib
0x000000000e149000 	/usr/lib/system/libsystem_kernel.dylib
0x000000000e149000 	/usr/lib/system/libsystem_m.dylib
0x000000000e149000 	/usr/lib/system/libsystem_malloc.dylib
0x000000000e149000 	/usr/lib/system/libsystem_network.dylib
0x000000000e149000 	/usr/lib/system/libsystem_networkextension.dylib
0x000000000e149000 	/usr/lib/system/libsystem_notify.dylib
0x000000000e149000 	/usr/lib/system/libsystem_platform.dylib
0x000000000e149000 	/usr/lib/system/libsystem_pthread.dylib
0x000000000e149000 	/usr/lib/system/libsystem_sandbox.dylib
0x000000000e149000 	/usr/lib/system/libsystem_secinit.dylib
0x000000000e149000 	/usr/lib/system/libsystem_symptoms.dylib
0x000000000e149000 	/usr/lib/system/libsystem_trace.dylib
0x000000000e149000 	/usr/lib/system/libunwind.dylib
0x000000000e149000 	/usr/lib/system/libxpc.dylib
0x000000000e149000 	/usr/lib/libbsm.0.dylib
0x000000000e149000 	/usr/lib/system/libkxld.dylib
0x000000000e149000 	/usr/lib/libcoretls.dylib
0x000000000e149000 	/usr/lib/libcoretls_cfhelpers.dylib
0x000000000e149000 	/usr/lib/libOpenScriptingUtil.dylib
0x000000000e149000 	/usr/lib/libpam.2.dylib
0x000000000e149000 	/usr/lib/libsqlite3.dylib
0x000000000e149000 	/usr/lib/libxar.1.dylib
0x000000000e149000 	/usr/lib/libbz2.1.0.dylib
0x000000000e149000 	/usr/lib/liblzma.5.dylib
0x000000000e149000 	/usr/lib/libnetwork.dylib
0x000000000e149000 	/usr/lib/libpcap.A.dylib
0x000000000e149000 	/System/Library/Frameworks/CoreServices.framework/Versions/A/Frameworks/FSEvents.framework/Versions/A/FSEvents
0x000000000e149000 	/System/Library/Frameworks/CoreServices.framework/Versions/A/Frameworks/CarbonCore.framework/Versions/A/CarbonCore
0x000000000e149000 	/System/Library/Frameworks/CoreServices.framework/Versions/A/Frameworks/Metadata.framework/Versions/A/Metadata
0x000000000e149000 	/System/Library/Frameworks/CoreServices.framework/Versions/A/Frameworks/OSServices.framework/Versions/A/OSServices
0x000000000e149000 	/System/Library/Frameworks/CoreServices.framework/Versions/A/Frameworks/SearchKit.framework/Versions/A/SearchKit
0x000000000e149000 	/System/Library/Frameworks/CoreServices.framework/Versions/A/Frameworks/AE.framework/Versions/A/AE
0x000000000e149000 	/System/Library/Frameworks/CoreServices.framework/Versions/A/Frameworks/LaunchServices.framework/Versions/A/LaunchServices
0x000000000e149000 	/System/Library/Frameworks/CoreServices.framework/Versions/A/Frameworks/DictionaryServices.framework/Versions/A/DictionaryServices
0x000000000e149000 	/System/Library/Frameworks/CoreServices.framework/Versions/A/Frameworks/SharedFileList.framework/Versions/A/SharedFileList
0x000000000e149000 	/System/Library/Frameworks/NetFS.framework/Versions/A/NetFS
0x000000000e149000 	/System/Library/PrivateFrameworks/NetAuth.framework/Versions/A/NetAuth
0x000000000e149000 	/System/Library/PrivateFrameworks/login.framework/Versions/A/Frameworks/loginsupport.framework/Versions/A/loginsupport
0x000000000e149000 	/System/Library/PrivateFrameworks/TCC.framework/Versions/A/TCC
0x000000000e149000 	/usr/lib/libmecabra.dylib
0x000000000e149000 	/System/Library/Frameworks/ApplicationServices.framework/Versions/A/Frameworks/ATS.framework/Versions/A/ATS
0x000000000e149000 	/System/Library/Frameworks/ApplicationServices.framework/Versions/A/Frameworks/ColorSync.framework/Versions/A/ColorSync
0x000000000e149000 	/System/Library/Frameworks/ApplicationServices.framework/Versions/A/Frameworks/HIServices.framework/Versions/A/HIServices
0x000000000e149000 	/System/Library/Frameworks/ApplicationServices.framework/Versions/A/Frameworks/LangAnalysis.framework/Versions/A/LangAnalysis
0x000000000e149000 	/System/Library/Frameworks/ApplicationServices.framework/Versions/A/Frameworks/PrintCore.framework/Versions/A/PrintCore
0x000000000e149000 	/System/Library/Frameworks/ApplicationServices.framework/Versions/A/Frameworks/QD.framework/Versions/A/QD
0x000000000e149000 	/System/Library/Frameworks/ApplicationServices.framework/Versions/A/Frameworks/SpeechSynthesis.framework/Versions/A/SpeechSynthesis
0x000000000e149000 	/System/Library/Frameworks/Accelerate.framework/Versions/A/Frameworks/vImage.framework/Versions/A/vImage
0x000000000e149000 	/System/Library/Frameworks/Accelerate.framework/Versions/A/Frameworks/vecLib.framework/Versions/A/vecLib
0x000000000e149000 	/System/Library/Frameworks/Accelerate.framework/Versions/A/Frameworks/vecLib.framework/Versions/A/libvDSP.dylib
0x000000000e149000 	/System/Library/Frameworks/Accelerate.framework/Versions/A/Frameworks/vecLib.framework/Versions/A/libBNNS.dylib
0x000000000e149000 	/System/Library/Frameworks/Accelerate.framework/Versions/A/Frameworks/vecLib.framework/Versions/A/libQuadrature.dylib
0x000000000e149000 	/System/Library/Frameworks/Accelerate.framework/Versions/A/Frameworks/vecLib.framework/Versions/A/libvMisc.dylib
0x000000000e149000 	/System/Library/Frameworks/Accelerate.framework/Versions/A/Frameworks/vecLib.framework/Versions/A/libLAPACK.dylib
0x000000000e149000 	/System/Library/Frameworks/Accelerate.framework/Versions/A/Frameworks/vecLib.framework/Versions/A/libBLAS.dylib
0x000000000e149000 	/System/Library/Frameworks/Accelerate.framework/Versions/A/Frameworks/vecLib.framework/Versions/A/libLinearAlgebra.dylib
0x000000000e149000 	/System/Library/Frameworks/Accelerate.framework/Versions/A/Frameworks/vecLib.framework/Versions/A/libSparseBLAS.dylib
0x000000000e149000 	/System/Library/Frameworks/ApplicationServices.framework/Versions/A/Frameworks/ATS.framework/Versions/A/Resources/libFontParser.dylib
0x000000000e149000 	/System/Library/Frameworks/ApplicationServices.framework/Versions/A/Frameworks/ATS.framework/Versions/A/Resources/libFontRegistry.dylib
0x000000000e149000 	/System/Library/Frameworks/ImageIO.framework/Versions/A/Resources/libJPEG.dylib
0x000000000e149000 	/System/Library/Frameworks/ImageIO.framework/Versions/A/Resources/libTIFF.dylib
0x000000000e149000 	/System/Library/Frameworks/ImageIO.framework/Versions/A/Resources/libPng.dylib
0x000000000e149000 	/System/Library/Frameworks/ImageIO.framework/Versions/A/Resources/libGIF.dylib
0x000000000e149000 	/System/Library/Frameworks/ImageIO.framework/Versions/A/Resources/libJP2.dylib
0x000000000e149000 	/System/Library/Frameworks/ImageIO.framework/Versions/A/Resources/libRadiance.dylib
0x000000000e149000 	/usr/lib/libcompression.dylib
0x000000000e149000 	/System/Library/PrivateFrameworks/AppleJPEG.framework/Versions/A/AppleJPEG
0x000000000e149000 	/usr/lib/libcups.2.dylib
0x000000000e149000 	/System/Library/Frameworks/Kerberos.framework/Versions/A/Kerberos
0x000000000e149000 	/System/Library/Frameworks/GSS.framework/Versions/A/GSS
0x000000000e149000 	/usr/lib/libresolv.9.dylib
0x000000000e149000 	/usr/lib/libiconv.2.dylib
0x000000000e149000 	/System/Library/PrivateFrameworks/Heimdal.framework/Versions/A/Heimdal
0x000000000e149000 	/usr/lib/libheimdal-asn1.dylib
0x000000000e149000 	/System/Library/Frameworks/OpenDirectory.framework/Versions/A/OpenDirectory
0x000000000e149000 	/System/Library/PrivateFrameworks/CommonAuth.framework/Versions/A/CommonAuth
0x000000000e149000 	/System/Library/Frameworks/OpenDirectory.framework/Versions/A/Frameworks/CFOpenDirectory.framework/Versions/A/CFOpenDirectory
0x000000000e149000 	/System/Library/Frameworks/SecurityFoundation.framework/Versions/A/SecurityFoundation
0x000000000e149000 	/System/Library/PrivateFrameworks/LanguageModeling.framework/Versions/A/LanguageModeling
0x000000000e149000 	/usr/lib/libmarisa.dylib
0x000000000e149000 	/usr/lib/libChineseTokenizer.dylib
0x000000000e149000 	/usr/lib/libcmph.dylib
0x000000000e149000 	/System/Library/PrivateFrameworks/CoreEmoji.framework/Versions/A/CoreEmoji
0x000000000e149000 	/System/Library/Frameworks/ServiceManagement.framework/Versions/A/ServiceManagement
0x000000000e149000 	/usr/lib/libxslt.1.dylib
0x000000000e149000 	/System/Library/Frameworks/Carbon.framework/Versions/A/Frameworks/Ink.framework/Versions/A/Ink
0x000000000e149000 	/System/Library/PrivateFrameworks/TextureIO.framework/Versions/A/TextureIO
0x000000000e149000 	/System/Library/Frameworks/Metal.framework/Versions/A/Metal
0x000000000e149000 	/usr/lib/libate.dylib
0x000000000e149000 	/System/Library/PrivateFrameworks/GPUCompiler.framework/libmetal_timestamp.dylib
0x000000000e149000 	/System/Library/Frameworks/OpenGL.framework/Versions/A/Libraries/libCoreFSCache.dylib
0x000000000e149000 	/System/Library/PrivateFrameworks/IOAccelerator.framework/Versions/A/IOAccelerator
0x000000000e149000 	/System/Library/Frameworks/CoreVideo.framework/Versions/A/CoreVideo
0x000000000e149000 	/usr/lib/libFosl_dynamic.dylib
0x000000000e149000 	/System/Library/PrivateFrameworks/MetalPerformanceShaders.framework/Versions/A/MetalPerformanceShaders
0x000000000e149000 	/System/Library/PrivateFrameworks/FaceCore.framework/Versions/A/FaceCore
0x000000000e149000 	/System/Library/Frameworks/OpenCL.framework/Versions/A/OpenCL
0x000000000e149000 	/System/Library/Frameworks/OpenGL.framework/Versions/A/Libraries/libGLU.dylib
0x000000000e149000 	/System/Library/Frameworks/OpenGL.framework/Versions/A/Libraries/libGFXShared.dylib
0x000000000e149000 	/System/Library/Frameworks/OpenGL.framework/Versions/A/Libraries/libGL.dylib
0x000000000e149000 	/System/Library/Frameworks/OpenGL.framework/Versions/A/Libraries/libGLImage.dylib
0x000000000e149000 	/System/Library/Frameworks/OpenGL.framework/Versions/A/Libraries/libCVMSPluginSupport.dylib
0x000000000e149000 	/System/Library/Frameworks/OpenGL.framework/Versions/A/Libraries/libCoreVMClient.dylib
0x000000000e149000 	/System/Library/PrivateFrameworks/CrashReporterSupport.framework/Versions/A/CrashReporterSupport
0x000000000e149000 	/System/Library/PrivateFrameworks/Sharing.framework/Versions/A/Sharing
0x000000000e149000 	/System/Library/PrivateFrameworks/IconServices.framework/Versions/A/IconServices
0x000000000e149000 	/System/Library/PrivateFrameworks/ProtocolBuffer.framework/Versions/A/ProtocolBuffer
0x000000000e149000 	/System/Library/PrivateFrameworks/Apple80211.framework/Versions/A/Apple80211
0x000000000e149000 	/System/Library/Frameworks/CoreWLAN.framework/Versions/A/CoreWLAN
0x000000000e149000 	/System/Library/PrivateFrameworks/CoreUtils.framework/Versions/A/CoreUtils
0x000000000e149000 	/System/Library/Frameworks/IOBluetooth.framework/Versions/A/IOBluetooth
0x000000000e149000 	/System/Library/PrivateFrameworks/CoreWiFi.framework/Versions/A/CoreWiFi
0x000000000e149000 	/System/Library/Frameworks/CoreBluetooth.framework/Versions/A/CoreBluetooth
0x000000000e149000 	/System/Library/Frameworks/CoreDisplay.framework/Versions/A/CoreDisplay
0x000000000e149000 	/System/Library/PrivateFrameworks/IOPresentment.framework/Versions/A/IOPresentment
0x000000000e149000 	/System/Library/PrivateFrameworks/DSExternalDisplay.framework/Versions/A/DSExternalDisplay
0x000000000e149000 	/System/Library/PrivateFrameworks/DebugSymbols.framework/Versions/A/DebugSymbols
0x000000000e149000 	/System/Library/PrivateFrameworks/CoreSymbolication.framework/Versions/A/CoreSymbolication
0x000000000e149000 	/System/Library/PrivateFrameworks/Symbolication.framework/Versions/A/Symbolication
0x000000000e149000 	/System/Library/PrivateFrameworks/AppleFSCompression.framework/Versions/A/AppleFSCompression
0x000000000e149000 	/System/Library/PrivateFrameworks/SpeechRecognitionCore.framework/Versions/A/SpeechRecognitionCore
0x000000000e149000 	/System/Library/PrivateFrameworks/ChunkingLibrary.framework/Versions/A/ChunkingLibrary
0x000000010c800000 	/Library/Java/JavaVirtualMachines/jdk1.8.0_65.jdk/Contents/Home/jre/lib/server/libjvm.dylib
0x000000000e149000 	/usr/lib/libstdc++.6.dylib
0x000000010af5e000 	/Library/Java/JavaVirtualMachines/jdk1.8.0_65.jdk/Contents/Home/jre/lib/libverify.dylib
0x000000010af6c000 	/Library/Java/JavaVirtualMachines/jdk1.8.0_65.jdk/Contents/Home/jre/lib/libjava.dylib
0x000000010afa2000 	/Library/Java/JavaVirtualMachines/jdk1.8.0_65.jdk/Contents/Home/jre/lib/libjdwp.dylib
0x000000010afed000 	/Library/Java/JavaVirtualMachines/jdk1.8.0_65.jdk/Contents/Home/jre/lib/libnpt.dylib
0x000000010d789000 	/Library/Java/JavaVirtualMachines/jdk1.8.0_65.jdk/Contents/Home/jre/lib/libzip.dylib
0x000000011342c000 	/System/Library/Frameworks/JavaVM.framework/Frameworks/JavaRuntimeSupport.framework/JavaRuntimeSupport
0x0000000113446000 	/System/Library/Frameworks/JavaVM.framework/Versions/A/Frameworks/JavaNativeFoundation.framework/Versions/A/JavaNativeFoundation
0x000000011345b000 	/System/Library/Frameworks/JavaVM.framework/Versions/A/JavaVM
0x000000000e149000 	/System/Library/Frameworks/Carbon.framework/Versions/A/Carbon
0x0000000113468000 	/System/Library/PrivateFrameworks/JavaLaunching.framework/Versions/A/JavaLaunching
0x000000000e149000 	/System/Library/Frameworks/Carbon.framework/Versions/A/Frameworks/CommonPanels.framework/Versions/A/CommonPanels
0x000000000e149000 	/System/Library/Frameworks/Carbon.framework/Versions/A/Frameworks/Help.framework/Versions/A/Help
0x000000000e149000 	/System/Library/Frameworks/Carbon.framework/Versions/A/Frameworks/ImageCapture.framework/Versions/A/ImageCapture
0x000000000e149000 	/System/Library/Frameworks/Carbon.framework/Versions/A/Frameworks/OpenScripting.framework/Versions/A/OpenScripting
0x000000000e149000 	/System/Library/Frameworks/Carbon.framework/Versions/A/Frameworks/Print.framework/Versions/A/Print
0x000000000e149000 	/System/Library/Frameworks/Carbon.framework/Versions/A/Frameworks/SecurityHI.framework/Versions/A/SecurityHI
0x00000001134b4000 	/Library/Java/JavaVirtualMachines/jdk1.8.0_65.jdk/Contents/Home/jre/lib/libdt_socket.dylib
0x00000001150d5000 	/Library/Java/JavaVirtualMachines/jdk1.8.0_65.jdk/Contents/Home/jre/lib/libnet.dylib
0x000000011517a000 	/Library/Java/JavaVirtualMachines/jdk1.8.0_65.jdk/Contents/Home/jre/lib/libnio.dylib
0x000000011513c000 	/Library/Java/JavaVirtualMachines/jdk1.8.0_65.jdk/Contents/Home/jre/lib/libsunec.dylib
0x000000011516a000 	/Library/Java/JavaVirtualMachines/jdk1.8.0_65.jdk/Contents/Home/jre/lib/libmanagement.dylib

VM Arguments:
jvm_args: -agentlib:jdwp=transport=dt_socket,suspend=y,address=localhost:49241 -Dfile.encoding=UTF-8 
java_command: ioc.liturgical.ws.app.ServiceProvider >ggog?vGxxRra7x8#VEcreov>vE7MX T8HEZCRNK/B8R6Q9X0D/umldQjVkjxb9H636Czx7BBnr
java_class_path (initial): /Users/mac002/Git/ocmc-translation-projects/ioc-liturgical-ws/target/classes:/Users/mac002/.m2/repository/org/ocmc/ioc.liturgical.schemas/1.0-SNAPSHOT/ioc.liturgical.schemas-1.0-SNAPSHOT.jar:/Users/mac002/.m2/repository/junit/junit/4.12/junit-4.12.jar:/Users/mac002/Git/ocmc-translation-projects/ioc-liturgical-utils/ioc.liturgical.utils/target/classes:/Users/mac002/.p2/pool/plugins/org.junit_4.12.0.v201504281640/junit.jar:/Users/mac002/.p2/pool/plugins/org.hamcrest.core_1.3.0.v201303031735.jar:/Users/mac002/.m2/repository/org/apache/httpcomponents/httpclient/4.3.6/httpclient-4.3.6.jar:/Users/mac002/.m2/repository/commons-logging/commons-logging/1.1.3/commons-logging-1.1.3.jar:/Users/mac002/.m2/repository/org/apache/httpcomponents/httpasyncclient/4.0.2/httpasyncclient-4.0.2.jar:/Users/mac002/.m2/repository/org/apache/httpcomponents/httpcore-nio/4.3.2/httpcore-nio-4.3.2.jar:/Users/mac002/.m2/repository/org/apache/httpcomponents/httpmime/4.3.6/httpmime-4.3.6.jar:/Users/mac002/.m2/repository/org/gitlab4j/gitlab4j-api/4.7.17/gitlab4j-api-4.7.17.jar:/Users/mac002/.m2/repository/javax/xml/bind/jaxb-api/2.3.0/jaxb-api-2.3.0.jar:/Users/mac002/.m2/repository/com/sun/activation/javax.activation/1.2.0/javax.activation-1.2.0.jar:/Users/mac002/.m2/repository/com/fasterxml/jackson/jaxrs/jackson-jaxrs-json-provider/2.9.3/jackson-jaxrs-json-provider-2.9.3.jar:/Users/mac002/.m2/repository/com/fasterxml/jackson/jaxrs/jackson-jaxrs-base/2.9.3/jackson-jaxrs-base-2.9.3.jar:/Users/mac002/.m2/repository/com/fasterxml/jackson/module/jackson-module-jaxb-annotations/2.9.3/jackson-module-jaxb-annotations-2.9.3.jar:/Users/mac002/.m2/repository/org/glassfish/jersey/inject/jersey-hk2/2.26/jersey-hk2-2.26.jar:/Users/mac002/.m2/repository/org/glassfish/jersey/core/jersey-common/2.26/jersey-common-2.26.jar:/Users/mac002/.m2/repository/javax/annotation/javax.annotation-api/1.2/javax.annotation-api-1.2.jar:/Users/mac002/.m2/repository/org/glassfish/hk2/osgi-resource-locator
Launcher Type: SUN_STANDARD

Environment Variables:
PATH=/usr/bin:/bin:/usr/sbin:/sbin
SHELL=/bin/bash
DISPLAY=/private/tmp/com.apple.launchd.KzPI3EKHhV/org.macosforge.xquartz:0

Signal Handlers:
SIGSEGV: [libjvm.dylib+0x5a6d31], sa_mask[0]=11111111011111110111111111111111, sa_flags=SA_ONSTACK|SA_RESTART|SA_SIGINFO
SIGBUS: [libjvm.dylib+0x5a6d31], sa_mask[0]=11111111011111110111111111111111, sa_flags=SA_RESTART|SA_SIGINFO
SIGFPE: [libjvm.dylib+0x480a40], sa_mask[0]=11111111011111110111111111111111, sa_flags=SA_RESTART|SA_SIGINFO
SIGPIPE: [libjvm.dylib+0x480a40], sa_mask[0]=11111111011111110111111111111111, sa_flags=SA_RESTART|SA_SIGINFO
SIGXFSZ: [libjvm.dylib+0x480a40], sa_mask[0]=11111111011111110111111111111111, sa_flags=SA_RESTART|SA_SIGINFO
SIGILL: [libjvm.dylib+0x480a40], sa_mask[0]=11111111011111110111111111111111, sa_flags=SA_RESTART|SA_SIGINFO
SIGUSR1: SIG_DFL, sa_mask[0]=00000000000000000000000000000000, sa_flags=none
SIGUSR2: [libjvm.dylib+0x48055e], sa_mask[0]=00100000000000000000000000000000, sa_flags=SA_RESTART|SA_SIGINFO
SIGHUP: [libjvm.dylib+0x47eb35], sa_mask[0]=11111111011111110111111111111111, sa_flags=SA_RESTART|SA_SIGINFO
SIGINT: [libjvm.dylib+0x47eb35], sa_mask[0]=11111111011111110111111111111111, sa_flags=SA_RESTART|SA_SIGINFO
SIGTERM: [libjvm.dylib+0x47eb35], sa_mask[0]=11111111011111110111111111111111, sa_flags=SA_RESTART|SA_SIGINFO
SIGQUIT: [libjvm.dylib+0x47eb35], sa_mask[0]=11111111011111110111111111111111, sa_flags=SA_RESTART|SA_SIGINFO


---------------  S Y S T E M  ---------------

OS:Bsduname:Darwin 16.7.0 Darwin Kernel Version 16.7.0: Thu Jan 11 22:59:40 PST 2018; root:xnu-3789.73.8~1/RELEASE_X86_64 x86_64
rlimit: STACK 8192k, CORE 0k, NPROC 709, NOFILE 10240, AS infinity
load average:1.89 2.24 2.36

CPU:total 12 (6 cores per cpu, 2 threads per core) family 6 model 44 stepping 2, cmov, cx8, fxsr, mmx, sse, sse2, sse3, ssse3, sse4.1, sse4.2, popcnt, aes, clmul, ht, tsc, tscinvbit, tscinv

Memory: 4k page, physical 33554432k(69656k free)

/proc/meminfo:


vm_info: Java HotSpot(TM) 64-Bit Server VM (25.65-b01) for bsd-amd64 JRE (1.8.0_65-b17), built on Oct  6 2015 15:36:46 by "java_re" with gcc 4.2.1 (Based on Apple Inc. build 5658) (LLVM build 2336.11.00)

time: Tue Mar 20 17:22:58 2018
elapsed time: 368 seconds (0d 0h 6m 8s)

